[1.613s] Invoking command in '/home/heroes/Workspace/fsm_r2/mission_fsm': PYTHONPATH=/home/heroes/Workspace/fsm_r2/build/mission_fsm/prefix_override:/usr/lib/python3/dist-packages/colcon_core/task/python/colcon_distutils_commands:/home/heroes/Workspace/fsm_r2/install/mission_fsm/lib/python3.10/site-packages:${PYTHONPATH} /usr/bin/python3 -W ignore:setup.py install is deprecated -W ignore:easy_install command is deprecated setup.py egg_info --egg-base ../build/mission_fsm build --build-base /home/heroes/Workspace/fsm_r2/build/mission_fsm/build install --record /home/heroes/Workspace/fsm_r2/build/mission_fsm/install.log --single-version-externally-managed install_data
[2.238s] running egg_info
[2.240s] writing ../build/mission_fsm/mission_fsm.egg-info/PKG-INFO
[2.241s] writing dependency_links to ../build/mission_fsm/mission_fsm.egg-info/dependency_links.txt
[2.241s] writing entry points to ../build/mission_fsm/mission_fsm.egg-info/entry_points.txt
[2.242s] writing requirements to ../build/mission_fsm/mission_fsm.egg-info/requires.txt
[2.242s] writing top-level names to ../build/mission_fsm/mission_fsm.egg-info/top_level.txt
[2.248s] reading manifest file '../build/mission_fsm/mission_fsm.egg-info/SOURCES.txt'
[2.250s] writing manifest file '../build/mission_fsm/mission_fsm.egg-info/SOURCES.txt'
[2.251s] running build
[2.251s] running build_py
[2.252s] creating /home/heroes/Workspace/fsm_r2/build/mission_fsm/build/lib/mission_fsm/config
[2.253s] copying mission_fsm/config/__init__.py -> /home/heroes/Workspace/fsm_r2/build/mission_fsm/build/lib/mission_fsm/config
[2.253s] copying mission_fsm/config/loader.py -> /home/heroes/Workspace/fsm_r2/build/mission_fsm/build/lib/mission_fsm/config
[2.257s] running install
[2.258s] running install_lib
[2.263s] creating /home/heroes/Workspace/fsm_r2/install/mission_fsm/lib/python3.10/site-packages/mission_fsm/config
[2.264s] copying /home/heroes/Workspace/fsm_r2/build/mission_fsm/build/lib/mission_fsm/config/__init__.py -> /home/heroes/Workspace/fsm_r2/install/mission_fsm/lib/python3.10/site-packages/mission_fsm/config
[2.266s] copying /home/heroes/Workspace/fsm_r2/build/mission_fsm/build/lib/mission_fsm/config/loader.py -> /home/heroes/Workspace/fsm_r2/install/mission_fsm/lib/python3.10/site-packages/mission_fsm/config
[2.271s] byte-compiling /home/heroes/Workspace/fsm_r2/install/mission_fsm/lib/python3.10/site-packages/mission_fsm/config/__init__.py to __init__.cpython-310.pyc
[2.273s] byte-compiling /home/heroes/Workspace/fsm_r2/install/mission_fsm/lib/python3.10/site-packages/mission_fsm/config/loader.py to loader.cpython-310.pyc
[2.276s] running install_data
[2.276s] running install_egg_info
[2.283s] removing '/home/heroes/Workspace/fsm_r2/install/mission_fsm/lib/python3.10/site-packages/mission_fsm-0.0.0-py3.10.egg-info' (and everything under it)
[2.287s] Copying ../build/mission_fsm/mission_fsm.egg-info to /home/heroes/Workspace/fsm_r2/install/mission_fsm/lib/python3.10/site-packages/mission_fsm-0.0.0-py3.10.egg-info
[2.299s] running install_scripts
[2.352s] Installing fsm_node script to /home/heroes/Workspace/fsm_r2/install/mission_fsm/lib/mission_fsm
[2.354s] Installing test_signal_pub script to /home/heroes/Workspace/fsm_r2/install/mission_fsm/lib/mission_fsm
[2.357s] writing list of installed files to '/home/heroes/Workspace/fsm_r2/build/mission_fsm/install.log'
[2.438s] Invoked command in '/home/heroes/Workspace/fsm_r2/mission_fsm' returned '0': PYTHONPATH=/home/heroes/Workspace/fsm_r2/build/mission_fsm/prefix_override:/usr/lib/python3/dist-packages/colcon_core/task/python/colcon_distutils_commands:/home/heroes/Workspace/fsm_r2/install/mission_fsm/lib/python3.10/site-packages:${PYTHONPATH} /usr/bin/python3 -W ignore:setup.py install is deprecated -W ignore:easy_install command is deprecated setup.py egg_info --egg-base ../build/mission_fsm build --build-base /home/heroes/Workspace/fsm_r2/build/mission_fsm/build install --record /home/heroes/Workspace/fsm_r2/build/mission_fsm/install.log --single-version-externally-managed install_data
