[1.785s] Invoking command in '/home/heroes/Workspace/fsm_r2/mission_fsm': PYTHONPATH=/home/heroes/Workspace/fsm_r2/build/mission_fsm/prefix_override:/usr/lib/python3/dist-packages/colcon_core/task/python/colcon_distutils_commands:/home/heroes/Workspace/fsm_r2/install/mission_fsm/lib/python3.10/site-packages:${PYTHONPATH} /usr/bin/python3 -W ignore:setup.py install is deprecated -W ignore:easy_install command is deprecated setup.py egg_info --egg-base ../build/mission_fsm build --build-base /home/heroes/Workspace/fsm_r2/build/mission_fsm/build install --record /home/heroes/Workspace/fsm_r2/build/mission_fsm/install.log --single-version-externally-managed install_data
[2.465s] running egg_info
[2.466s] writing ../build/mission_fsm/mission_fsm.egg-info/PKG-INFO
[2.467s] writing dependency_links to ../build/mission_fsm/mission_fsm.egg-info/dependency_links.txt
[2.468s] writing entry points to ../build/mission_fsm/mission_fsm.egg-info/entry_points.txt
[2.468s] writing requirements to ../build/mission_fsm/mission_fsm.egg-info/requires.txt
[2.468s] writing top-level names to ../build/mission_fsm/mission_fsm.egg-info/top_level.txt
[2.474s] reading manifest file '../build/mission_fsm/mission_fsm.egg-info/SOURCES.txt'
[2.476s] writing manifest file '../build/mission_fsm/mission_fsm.egg-info/SOURCES.txt'
[2.476s] running build
[2.476s] running build_py
[2.477s] copying mission_fsm/fsm_node.py -> /home/heroes/Workspace/fsm_r2/build/mission_fsm/build/lib/mission_fsm
[2.481s] running install
[2.481s] running install_lib
[2.485s] copying /home/heroes/Workspace/fsm_r2/build/mission_fsm/build/lib/mission_fsm/fsm_node.py -> /home/heroes/Workspace/fsm_r2/install/mission_fsm/lib/python3.10/site-packages/mission_fsm
[2.488s] byte-compiling /home/heroes/Workspace/fsm_r2/install/mission_fsm/lib/python3.10/site-packages/mission_fsm/fsm_node.py to fsm_node.cpython-310.pyc
[2.490s] running install_data
[2.490s] running install_egg_info
[2.495s] removing '/home/heroes/Workspace/fsm_r2/install/mission_fsm/lib/python3.10/site-packages/mission_fsm-0.0.0-py3.10.egg-info' (and everything under it)
[2.496s] Copying ../build/mission_fsm/mission_fsm.egg-info to /home/heroes/Workspace/fsm_r2/install/mission_fsm/lib/python3.10/site-packages/mission_fsm-0.0.0-py3.10.egg-info
[2.498s] running install_scripts
[2.558s] Installing fsm_node script to /home/heroes/Workspace/fsm_r2/install/mission_fsm/lib/mission_fsm
[2.558s] writing list of installed files to '/home/heroes/Workspace/fsm_r2/build/mission_fsm/install.log'
[2.637s] Invoked command in '/home/heroes/Workspace/fsm_r2/mission_fsm' returned '0': PYTHONPATH=/home/heroes/Workspace/fsm_r2/build/mission_fsm/prefix_override:/usr/lib/python3/dist-packages/colcon_core/task/python/colcon_distutils_commands:/home/heroes/Workspace/fsm_r2/install/mission_fsm/lib/python3.10/site-packages:${PYTHONPATH} /usr/bin/python3 -W ignore:setup.py install is deprecated -W ignore:easy_install command is deprecated setup.py egg_info --egg-base ../build/mission_fsm build --build-base /home/heroes/Workspace/fsm_r2/build/mission_fsm/build install --record /home/heroes/Workspace/fsm_r2/build/mission_fsm/install.log --single-version-externally-managed install_data
