[1.699s] Invoking command in '/home/heroes/Workspace/fsm_r2/build/mission_fsm': PYTHONPATH=/home/heroes/Workspace/fsm_r2/build/mission_fsm/prefix_override:/usr/lib/python3/dist-packages/colcon_core/task/python/colcon_distutils_commands:/home/heroes/Workspace/fsm_r2/install/mission_fsm/lib/python3.10/site-packages:${PYTHONPATH} /usr/bin/python3 -W ignore:setup.py install is deprecated -W ignore:easy_install command is deprecated setup.py develop --editable --build-directory /home/heroes/Workspace/fsm_r2/build/mission_fsm/build --no-deps symlink_data --force
[2.372s] running develop
[2.771s] running egg_info
[2.772s] writing mission_fsm.egg-info/PKG-INFO
[2.772s] writing dependency_links to mission_fsm.egg-info/dependency_links.txt
[2.772s] writing entry points to mission_fsm.egg-info/entry_points.txt
[2.773s] writing requirements to mission_fsm.egg-info/requires.txt
[2.773s] writing top-level names to mission_fsm.egg-info/top_level.txt
[2.779s] reading manifest file 'mission_fsm.egg-info/SOURCES.txt'
[2.781s] writing manifest file 'mission_fsm.egg-info/SOURCES.txt'
[2.786s] running build_ext
[2.786s] Creating /home/heroes/Workspace/fsm_r2/install/mission_fsm/lib/python3.10/site-packages/mission-fsm.egg-link (link to .)
[2.788s] Installing fsm_node script to /home/heroes/Workspace/fsm_r2/install/mission_fsm/lib/mission_fsm
[2.788s] Installing test_signal_pub script to /home/heroes/Workspace/fsm_r2/install/mission_fsm/lib/mission_fsm
[2.789s] 
[2.789s] Installed /home/heroes/Workspace/fsm_r2/build/mission_fsm
[2.789s] running symlink_data
[2.790s] symbolically linking /home/heroes/Workspace/fsm_r2/build/mission_fsm/resource/mission_fsm -> /home/heroes/Workspace/fsm_r2/install/mission_fsm/share/ament_index/resource_index/packages
[2.790s] symbolically linking /home/heroes/Workspace/fsm_r2/build/mission_fsm/package.xml -> /home/heroes/Workspace/fsm_r2/install/mission_fsm/share/mission_fsm
[2.790s] symbolically linking /home/heroes/Workspace/fsm_r2/build/mission_fsm/mission_fsm/config/areas.yaml -> /home/heroes/Workspace/fsm_r2/install/mission_fsm/share/mission_fsm/config
[2.880s] Invoked command in '/home/heroes/Workspace/fsm_r2/build/mission_fsm' returned '0': PYTHONPATH=/home/heroes/Workspace/fsm_r2/build/mission_fsm/prefix_override:/usr/lib/python3/dist-packages/colcon_core/task/python/colcon_distutils_commands:/home/heroes/Workspace/fsm_r2/install/mission_fsm/lib/python3.10/site-packages:${PYTHONPATH} /usr/bin/python3 -W ignore:setup.py install is deprecated -W ignore:easy_install command is deprecated setup.py develop --editable --build-directory /home/heroes/Workspace/fsm_r2/build/mission_fsm/build --no-deps symlink_data --force
