[1.694s] Invoking command in '/home/heroes/Workspace/fsm_r2/mission_fsm': PYTHONPATH=/home/heroes/Workspace/fsm_r2/build/mission_fsm/prefix_override:/usr/lib/python3/dist-packages/colcon_core/task/python/colcon_distutils_commands:/home/heroes/Workspace/fsm_r2/install/mission_fsm/lib/python3.10/site-packages:${PYTHONPATH} /usr/bin/python3 -W ignore:setup.py install is deprecated -W ignore:easy_install command is deprecated setup.py egg_info --egg-base ../build/mission_fsm build --build-base /home/heroes/Workspace/fsm_r2/build/mission_fsm/build install --record /home/heroes/Workspace/fsm_r2/build/mission_fsm/install.log --single-version-externally-managed install_data
[2.342s] running egg_info
[2.343s] writing ../build/mission_fsm/mission_fsm.egg-info/PKG-INFO
[2.344s] writing dependency_links to ../build/mission_fsm/mission_fsm.egg-info/dependency_links.txt
[2.344s] writing entry points to ../build/mission_fsm/mission_fsm.egg-info/entry_points.txt
[2.345s] writing requirements to ../build/mission_fsm/mission_fsm.egg-info/requires.txt
[2.345s] writing top-level names to ../build/mission_fsm/mission_fsm.egg-info/top_level.txt
[2.351s] reading manifest file '../build/mission_fsm/mission_fsm.egg-info/SOURCES.txt'
[2.354s] writing manifest file '../build/mission_fsm/mission_fsm.egg-info/SOURCES.txt'
[2.354s] running build
[2.355s] running build_py
[2.356s] copying mission_fsm/ui/dashboard.py -> /home/heroes/Workspace/fsm_r2/build/mission_fsm/build/lib/mission_fsm/ui
[2.357s] copying mission_fsm/config/loader.py -> /home/heroes/Workspace/fsm_r2/build/mission_fsm/build/lib/mission_fsm/config
[2.360s] running install
[2.361s] running install_lib
[2.364s] copying /home/heroes/Workspace/fsm_r2/build/mission_fsm/build/lib/mission_fsm/ui/dashboard.py -> /home/heroes/Workspace/fsm_r2/install/mission_fsm/lib/python3.10/site-packages/mission_fsm/ui
[2.365s] copying /home/heroes/Workspace/fsm_r2/build/mission_fsm/build/lib/mission_fsm/config/loader.py -> /home/heroes/Workspace/fsm_r2/install/mission_fsm/lib/python3.10/site-packages/mission_fsm/config
[2.365s] copying /home/heroes/Workspace/fsm_r2/build/mission_fsm/build/lib/mission_fsm/config/areas.yaml -> /home/heroes/Workspace/fsm_r2/install/mission_fsm/lib/python3.10/site-packages/mission_fsm/config
[2.368s] byte-compiling /home/heroes/Workspace/fsm_r2/install/mission_fsm/lib/python3.10/site-packages/mission_fsm/ui/dashboard.py to dashboard.cpython-310.pyc
[2.376s] byte-compiling /home/heroes/Workspace/fsm_r2/install/mission_fsm/lib/python3.10/site-packages/mission_fsm/config/loader.py to loader.cpython-310.pyc
[2.377s] running install_data
[2.378s] copying mission_fsm/config/areas.yaml -> /home/heroes/Workspace/fsm_r2/install/mission_fsm/share/mission_fsm/config
[2.378s] running install_egg_info
[2.383s] removing '/home/heroes/Workspace/fsm_r2/install/mission_fsm/lib/python3.10/site-packages/mission_fsm-0.0.0-py3.10.egg-info' (and everything under it)
[2.383s] Copying ../build/mission_fsm/mission_fsm.egg-info to /home/heroes/Workspace/fsm_r2/install/mission_fsm/lib/python3.10/site-packages/mission_fsm-0.0.0-py3.10.egg-info
[2.386s] running install_scripts
[2.437s] Installing fsm_node script to /home/heroes/Workspace/fsm_r2/install/mission_fsm/lib/mission_fsm
[2.437s] Installing mock_nav_server script to /home/heroes/Workspace/fsm_r2/install/mission_fsm/lib/mission_fsm
[2.437s] Installing test_signal_pub script to /home/heroes/Workspace/fsm_r2/install/mission_fsm/lib/mission_fsm
[2.439s] writing list of installed files to '/home/heroes/Workspace/fsm_r2/build/mission_fsm/install.log'
[2.515s] Invoked command in '/home/heroes/Workspace/fsm_r2/mission_fsm' returned '0': PYTHONPATH=/home/heroes/Workspace/fsm_r2/build/mission_fsm/prefix_override:/usr/lib/python3/dist-packages/colcon_core/task/python/colcon_distutils_commands:/home/heroes/Workspace/fsm_r2/install/mission_fsm/lib/python3.10/site-packages:${PYTHONPATH} /usr/bin/python3 -W ignore:setup.py install is deprecated -W ignore:easy_install command is deprecated setup.py egg_info --egg-base ../build/mission_fsm build --build-base /home/heroes/Workspace/fsm_r2/build/mission_fsm/build install --record /home/heroes/Workspace/fsm_r2/build/mission_fsm/install.log --single-version-externally-managed install_data
