running develop
Removing /home/heroes/Workspace/fsm_r2/install/mission_fsm/lib/python3.10/site-packages/mission-fsm.egg-link (link to .)
running egg_info
writing ../build/mission_fsm/mission_fsm.egg-info/PKG-INFO
writing dependency_links to ../build/mission_fsm/mission_fsm.egg-info/dependency_links.txt
writing entry points to ../build/mission_fsm/mission_fsm.egg-info/entry_points.txt
writing requirements to ../build/mission_fsm/mission_fsm.egg-info/requires.txt
writing top-level names to ../build/mission_fsm/mission_fsm.egg-info/top_level.txt
reading manifest file '../build/mission_fsm/mission_fsm.egg-info/SOURCES.txt'
writing manifest file '../build/mission_fsm/mission_fsm.egg-info/SOURCES.txt'
running build
running build_py
copying mission_fsm/config/areas.yaml -> /home/heroes/Workspace/fsm_r2/build/mission_fsm/build/lib/mission_fsm/config
running install
running install_lib
copying /home/heroes/Workspace/fsm_r2/build/mission_fsm/build/lib/mission_fsm/test_signal_pub.py -> /home/heroes/Workspace/fsm_r2/install/mission_fsm/lib/python3.10/site-packages/mission_fsm
copying /home/heroes/Workspace/fsm_r2/build/mission_fsm/build/lib/mission_fsm/__init__.py -> /home/heroes/Workspace/fsm_r2/install/mission_fsm/lib/python3.10/site-packages/mission_fsm
copying /home/heroes/Workspace/fsm_r2/build/mission_fsm/build/lib/mission_fsm/task/__init__.py -> /home/heroes/Workspace/fsm_r2/install/mission_fsm/lib/python3.10/site-packages/mission_fsm/task
copying /home/heroes/Workspace/fsm_r2/build/mission_fsm/build/lib/mission_fsm/task/states/area_1.py -> /home/heroes/Workspace/fsm_r2/install/mission_fsm/lib/python3.10/site-packages/mission_fsm/task/states
copying /home/heroes/Workspace/fsm_r2/build/mission_fsm/build/lib/mission_fsm/task/states/__init__.py -> /home/heroes/Workspace/fsm_r2/install/mission_fsm/lib/python3.10/site-packages/mission_fsm/task/states
copying /home/heroes/Workspace/fsm_r2/build/mission_fsm/build/lib/mission_fsm/task/states/area_2.py -> /home/heroes/Workspace/fsm_r2/install/mission_fsm/lib/python3.10/site-packages/mission_fsm/task/states
copying /home/heroes/Workspace/fsm_r2/build/mission_fsm/build/lib/mission_fsm/task/states/area_3.py -> /home/heroes/Workspace/fsm_r2/install/mission_fsm/lib/python3.10/site-packages/mission_fsm/task/states
copying /home/heroes/Workspace/fsm_r2/build/mission_fsm/build/lib/mission_fsm/task/task_manager.py -> /home/heroes/Workspace/fsm_r2/install/mission_fsm/lib/python3.10/site-packages/mission_fsm/task
creating /home/heroes/Workspace/fsm_r2/install/mission_fsm/lib/python3.10/site-packages/mission_fsm/ui
copying /home/heroes/Workspace/fsm_r2/build/mission_fsm/build/lib/mission_fsm/ui/__init__.py -> /home/heroes/Workspace/fsm_r2/install/mission_fsm/lib/python3.10/site-packages/mission_fsm/ui
copying /home/heroes/Workspace/fsm_r2/build/mission_fsm/build/lib/mission_fsm/ui/dashboard.py -> /home/heroes/Workspace/fsm_r2/install/mission_fsm/lib/python3.10/site-packages/mission_fsm/ui
creating /home/heroes/Workspace/fsm_r2/install/mission_fsm/lib/python3.10/site-packages/mission_fsm/interfaces
copying /home/heroes/Workspace/fsm_r2/build/mission_fsm/build/lib/mission_fsm/interfaces/gripper_interface.py -> /home/heroes/Workspace/fsm_r2/install/mission_fsm/lib/python3.10/site-packages/mission_fsm/interfaces
copying /home/heroes/Workspace/fsm_r2/build/mission_fsm/build/lib/mission_fsm/interfaces/__init__.py -> /home/heroes/Workspace/fsm_r2/install/mission_fsm/lib/python3.10/site-packages/mission_fsm/interfaces
copying /home/heroes/Workspace/fsm_r2/build/mission_fsm/build/lib/mission_fsm/interfaces/vision_interface.py -> /home/heroes/Workspace/fsm_r2/install/mission_fsm/lib/python3.10/site-packages/mission_fsm/interfaces
copying /home/heroes/Workspace/fsm_r2/build/mission_fsm/build/lib/mission_fsm/interfaces/apriltag_interface.py -> /home/heroes/Workspace/fsm_r2/install/mission_fsm/lib/python3.10/site-packages/mission_fsm/interfaces
copying /home/heroes/Workspace/fsm_r2/build/mission_fsm/build/lib/mission_fsm/interfaces/nav_interface.py -> /home/heroes/Workspace/fsm_r2/install/mission_fsm/lib/python3.10/site-packages/mission_fsm/interfaces
copying /home/heroes/Workspace/fsm_r2/build/mission_fsm/build/lib/mission_fsm/interfaces/comms_interface.py -> /home/heroes/Workspace/fsm_r2/install/mission_fsm/lib/python3.10/site-packages/mission_fsm/interfaces
copying /home/heroes/Workspace/fsm_r2/build/mission_fsm/build/lib/mission_fsm/state_machine.py -> /home/heroes/Workspace/fsm_r2/install/mission_fsm/lib/python3.10/site-packages/mission_fsm
creating /home/heroes/Workspace/fsm_r2/install/mission_fsm/lib/python3.10/site-packages/mission_fsm/config
copying /home/heroes/Workspace/fsm_r2/build/mission_fsm/build/lib/mission_fsm/config/__init__.py -> /home/heroes/Workspace/fsm_r2/install/mission_fsm/lib/python3.10/site-packages/mission_fsm/config
copying /home/heroes/Workspace/fsm_r2/build/mission_fsm/build/lib/mission_fsm/config/loader.py -> /home/heroes/Workspace/fsm_r2/install/mission_fsm/lib/python3.10/site-packages/mission_fsm/config
copying /home/heroes/Workspace/fsm_r2/build/mission_fsm/build/lib/mission_fsm/config/areas.yaml -> /home/heroes/Workspace/fsm_r2/install/mission_fsm/lib/python3.10/site-packages/mission_fsm/config
copying /home/heroes/Workspace/fsm_r2/build/mission_fsm/build/lib/mission_fsm/fsm_node.py -> /home/heroes/Workspace/fsm_r2/install/mission_fsm/lib/python3.10/site-packages/mission_fsm
creating /home/heroes/Workspace/fsm_r2/install/mission_fsm/lib/python3.10/site-packages/mission_fsm/mission
copying /home/heroes/Workspace/fsm_r2/build/mission_fsm/build/lib/mission_fsm/mission/__init__.py -> /home/heroes/Workspace/fsm_r2/install/mission_fsm/lib/python3.10/site-packages/mission_fsm/mission
copying /home/heroes/Workspace/fsm_r2/build/mission_fsm/build/lib/mission_fsm/mission/mission_manager.py -> /home/heroes/Workspace/fsm_r2/install/mission_fsm/lib/python3.10/site-packages/mission_fsm/mission
copying /home/heroes/Workspace/fsm_r2/build/mission_fsm/build/lib/mission_fsm/mission/mission_state.py -> /home/heroes/Workspace/fsm_r2/install/mission_fsm/lib/python3.10/site-packages/mission_fsm/mission
byte-compiling /home/heroes/Workspace/fsm_r2/install/mission_fsm/lib/python3.10/site-packages/mission_fsm/test_signal_pub.py to test_signal_pub.cpython-310.pyc
byte-compiling /home/heroes/Workspace/fsm_r2/install/mission_fsm/lib/python3.10/site-packages/mission_fsm/__init__.py to __init__.cpython-310.pyc
byte-compiling /home/heroes/Workspace/fsm_r2/install/mission_fsm/lib/python3.10/site-packages/mission_fsm/task/__init__.py to __init__.cpython-310.pyc
byte-compiling /home/heroes/Workspace/fsm_r2/install/mission_fsm/lib/python3.10/site-packages/mission_fsm/task/states/area_1.py to area_1.cpython-310.pyc
byte-compiling /home/heroes/Workspace/fsm_r2/install/mission_fsm/lib/python3.10/site-packages/mission_fsm/task/states/__init__.py to __init__.cpython-310.pyc
byte-compiling /home/heroes/Workspace/fsm_r2/install/mission_fsm/lib/python3.10/site-packages/mission_fsm/task/states/area_2.py to area_2.cpython-310.pyc
byte-compiling /home/heroes/Workspace/fsm_r2/install/mission_fsm/lib/python3.10/site-packages/mission_fsm/task/states/area_3.py to area_3.cpython-310.pyc
byte-compiling /home/heroes/Workspace/fsm_r2/install/mission_fsm/lib/python3.10/site-packages/mission_fsm/task/task_manager.py to task_manager.cpython-310.pyc
byte-compiling /home/heroes/Workspace/fsm_r2/install/mission_fsm/lib/python3.10/site-packages/mission_fsm/ui/__init__.py to __init__.cpython-310.pyc
byte-compiling /home/heroes/Workspace/fsm_r2/install/mission_fsm/lib/python3.10/site-packages/mission_fsm/ui/dashboard.py to dashboard.cpython-310.pyc
byte-compiling /home/heroes/Workspace/fsm_r2/install/mission_fsm/lib/python3.10/site-packages/mission_fsm/interfaces/gripper_interface.py to gripper_interface.cpython-310.pyc
byte-compiling /home/heroes/Workspace/fsm_r2/install/mission_fsm/lib/python3.10/site-packages/mission_fsm/interfaces/__init__.py to __init__.cpython-310.pyc
byte-compiling /home/heroes/Workspace/fsm_r2/install/mission_fsm/lib/python3.10/site-packages/mission_fsm/interfaces/vision_interface.py to vision_interface.cpython-310.pyc
byte-compiling /home/heroes/Workspace/fsm_r2/install/mission_fsm/lib/python3.10/site-packages/mission_fsm/interfaces/apriltag_interface.py to apriltag_interface.cpython-310.pyc
byte-compiling /home/heroes/Workspace/fsm_r2/install/mission_fsm/lib/python3.10/site-packages/mission_fsm/interfaces/nav_interface.py to nav_interface.cpython-310.pyc
byte-compiling /home/heroes/Workspace/fsm_r2/install/mission_fsm/lib/python3.10/site-packages/mission_fsm/interfaces/comms_interface.py to comms_interface.cpython-310.pyc
byte-compiling /home/heroes/Workspace/fsm_r2/install/mission_fsm/lib/python3.10/site-packages/mission_fsm/state_machine.py to state_machine.cpython-310.pyc
byte-compiling /home/heroes/Workspace/fsm_r2/install/mission_fsm/lib/python3.10/site-packages/mission_fsm/config/__init__.py to __init__.cpython-310.pyc
byte-compiling /home/heroes/Workspace/fsm_r2/install/mission_fsm/lib/python3.10/site-packages/mission_fsm/config/loader.py to loader.cpython-310.pyc
byte-compiling /home/heroes/Workspace/fsm_r2/install/mission_fsm/lib/python3.10/site-packages/mission_fsm/fsm_node.py to fsm_node.cpython-310.pyc
byte-compiling /home/heroes/Workspace/fsm_r2/install/mission_fsm/lib/python3.10/site-packages/mission_fsm/mission/__init__.py to __init__.cpython-310.pyc
byte-compiling /home/heroes/Workspace/fsm_r2/install/mission_fsm/lib/python3.10/site-packages/mission_fsm/mission/mission_manager.py to mission_manager.cpython-310.pyc
byte-compiling /home/heroes/Workspace/fsm_r2/install/mission_fsm/lib/python3.10/site-packages/mission_fsm/mission/mission_state.py to mission_state.cpython-310.pyc
running install_data
copying resource/mission_fsm -> /home/heroes/Workspace/fsm_r2/install/mission_fsm/share/ament_index/resource_index/packages
copying package.xml -> /home/heroes/Workspace/fsm_r2/install/mission_fsm/share/mission_fsm
copying mission_fsm/config/areas.yaml -> /home/heroes/Workspace/fsm_r2/install/mission_fsm/share/mission_fsm/config
running install_egg_info
Copying ../build/mission_fsm/mission_fsm.egg-info to /home/heroes/Workspace/fsm_r2/install/mission_fsm/lib/python3.10/site-packages/mission_fsm-0.0.0-py3.10.egg-info
running install_scripts
Installing fsm_node script to /home/heroes/Workspace/fsm_r2/install/mission_fsm/lib/mission_fsm
Installing test_signal_pub script to /home/heroes/Workspace/fsm_r2/install/mission_fsm/lib/mission_fsm
writing list of installed files to '/home/heroes/Workspace/fsm_r2/build/mission_fsm/install.log'
