[1.548s] Invoking command in '/home/heroes/Workspace/fsm_r2/build/mission_fsm': PYTHONPATH=/home/heroes/Workspace/fsm_r2/build/mission_fsm/prefix_override:/usr/lib/python3/dist-packages/colcon_core/task/python/colcon_distutils_commands:/home/heroes/Workspace/fsm_r2/install/mission_fsm/lib/python3.10/site-packages:${PYTHONPATH} /usr/bin/python3 -W ignore:setup.py install is deprecated -W ignore:easy_install command is deprecated setup.py develop --uninstall --editable --build-directory /home/heroes/Workspace/fsm_r2/build/mission_fsm/build
[2.205s] running develop
[2.592s] Removing /home/heroes/Workspace/fsm_r2/install/mission_fsm/lib/python3.10/site-packages/mission-fsm.egg-link (link to .)
[2.675s] Invoked command in '/home/heroes/Workspace/fsm_r2/build/mission_fsm' returned '0': PYTHONPATH=/home/heroes/Workspace/fsm_r2/build/mission_fsm/prefix_override:/usr/lib/python3/dist-packages/colcon_core/task/python/colcon_distutils_commands:/home/heroes/Workspace/fsm_r2/install/mission_fsm/lib/python3.10/site-packages:${PYTHONPATH} /usr/bin/python3 -W ignore:setup.py install is deprecated -W ignore:easy_install command is deprecated setup.py develop --uninstall --editable --build-directory /home/heroes/Workspace/fsm_r2/build/mission_fsm/build
[2.681s] Invoking command in '/home/heroes/Workspace/fsm_r2/mission_fsm': PYTHONPATH=/home/heroes/Workspace/fsm_r2/build/mission_fsm/prefix_override:/usr/lib/python3/dist-packages/colcon_core/task/python/colcon_distutils_commands:/home/heroes/Workspace/fsm_r2/install/mission_fsm/lib/python3.10/site-packages:${PYTHONPATH} /usr/bin/python3 -W ignore:setup.py install is deprecated -W ignore:easy_install command is deprecated setup.py egg_info --egg-base ../build/mission_fsm build --build-base /home/heroes/Workspace/fsm_r2/build/mission_fsm/build install --record /home/heroes/Workspace/fsm_r2/build/mission_fsm/install.log --single-version-externally-managed install_data --force
[3.284s] running egg_info
[3.286s] writing ../build/mission_fsm/mission_fsm.egg-info/PKG-INFO
[3.286s] writing dependency_links to ../build/mission_fsm/mission_fsm.egg-info/dependency_links.txt
[3.287s] writing entry points to ../build/mission_fsm/mission_fsm.egg-info/entry_points.txt
[3.287s] writing requirements to ../build/mission_fsm/mission_fsm.egg-info/requires.txt
[3.287s] writing top-level names to ../build/mission_fsm/mission_fsm.egg-info/top_level.txt
[3.293s] reading manifest file '../build/mission_fsm/mission_fsm.egg-info/SOURCES.txt'
[3.295s] writing manifest file '../build/mission_fsm/mission_fsm.egg-info/SOURCES.txt'
[3.296s] running build
[3.296s] running build_py
[3.299s] copying mission_fsm/config/areas.yaml -> /home/heroes/Workspace/fsm_r2/build/mission_fsm/build/lib/mission_fsm/config
[3.300s] running install
[3.301s] running install_lib
[3.303s] copying /home/heroes/Workspace/fsm_r2/build/mission_fsm/build/lib/mission_fsm/test_signal_pub.py -> /home/heroes/Workspace/fsm_r2/install/mission_fsm/lib/python3.10/site-packages/mission_fsm
[3.303s] copying /home/heroes/Workspace/fsm_r2/build/mission_fsm/build/lib/mission_fsm/__init__.py -> /home/heroes/Workspace/fsm_r2/install/mission_fsm/lib/python3.10/site-packages/mission_fsm
[3.303s] copying /home/heroes/Workspace/fsm_r2/build/mission_fsm/build/lib/mission_fsm/task/__init__.py -> /home/heroes/Workspace/fsm_r2/install/mission_fsm/lib/python3.10/site-packages/mission_fsm/task
[3.304s] copying /home/heroes/Workspace/fsm_r2/build/mission_fsm/build/lib/mission_fsm/task/states/area_1.py -> /home/heroes/Workspace/fsm_r2/install/mission_fsm/lib/python3.10/site-packages/mission_fsm/task/states
[3.304s] copying /home/heroes/Workspace/fsm_r2/build/mission_fsm/build/lib/mission_fsm/task/states/__init__.py -> /home/heroes/Workspace/fsm_r2/install/mission_fsm/lib/python3.10/site-packages/mission_fsm/task/states
[3.304s] copying /home/heroes/Workspace/fsm_r2/build/mission_fsm/build/lib/mission_fsm/task/states/area_2.py -> /home/heroes/Workspace/fsm_r2/install/mission_fsm/lib/python3.10/site-packages/mission_fsm/task/states
[3.305s] copying /home/heroes/Workspace/fsm_r2/build/mission_fsm/build/lib/mission_fsm/task/states/area_3.py -> /home/heroes/Workspace/fsm_r2/install/mission_fsm/lib/python3.10/site-packages/mission_fsm/task/states
[3.305s] copying /home/heroes/Workspace/fsm_r2/build/mission_fsm/build/lib/mission_fsm/task/task_manager.py -> /home/heroes/Workspace/fsm_r2/install/mission_fsm/lib/python3.10/site-packages/mission_fsm/task
[3.305s] creating /home/heroes/Workspace/fsm_r2/install/mission_fsm/lib/python3.10/site-packages/mission_fsm/ui
[3.306s] copying /home/heroes/Workspace/fsm_r2/build/mission_fsm/build/lib/mission_fsm/ui/__init__.py -> /home/heroes/Workspace/fsm_r2/install/mission_fsm/lib/python3.10/site-packages/mission_fsm/ui
[3.306s] copying /home/heroes/Workspace/fsm_r2/build/mission_fsm/build/lib/mission_fsm/ui/dashboard.py -> /home/heroes/Workspace/fsm_r2/install/mission_fsm/lib/python3.10/site-packages/mission_fsm/ui
[3.306s] creating /home/heroes/Workspace/fsm_r2/install/mission_fsm/lib/python3.10/site-packages/mission_fsm/interfaces
[3.306s] copying /home/heroes/Workspace/fsm_r2/build/mission_fsm/build/lib/mission_fsm/interfaces/gripper_interface.py -> /home/heroes/Workspace/fsm_r2/install/mission_fsm/lib/python3.10/site-packages/mission_fsm/interfaces
[3.307s] copying /home/heroes/Workspace/fsm_r2/build/mission_fsm/build/lib/mission_fsm/interfaces/__init__.py -> /home/heroes/Workspace/fsm_r2/install/mission_fsm/lib/python3.10/site-packages/mission_fsm/interfaces
[3.307s] copying /home/heroes/Workspace/fsm_r2/build/mission_fsm/build/lib/mission_fsm/interfaces/vision_interface.py -> /home/heroes/Workspace/fsm_r2/install/mission_fsm/lib/python3.10/site-packages/mission_fsm/interfaces
[3.307s] copying /home/heroes/Workspace/fsm_r2/build/mission_fsm/build/lib/mission_fsm/interfaces/apriltag_interface.py -> /home/heroes/Workspace/fsm_r2/install/mission_fsm/lib/python3.10/site-packages/mission_fsm/interfaces
[3.308s] copying /home/heroes/Workspace/fsm_r2/build/mission_fsm/build/lib/mission_fsm/interfaces/nav_interface.py -> /home/heroes/Workspace/fsm_r2/install/mission_fsm/lib/python3.10/site-packages/mission_fsm/interfaces
[3.308s] copying /home/heroes/Workspace/fsm_r2/build/mission_fsm/build/lib/mission_fsm/interfaces/comms_interface.py -> /home/heroes/Workspace/fsm_r2/install/mission_fsm/lib/python3.10/site-packages/mission_fsm/interfaces
[3.308s] copying /home/heroes/Workspace/fsm_r2/build/mission_fsm/build/lib/mission_fsm/state_machine.py -> /home/heroes/Workspace/fsm_r2/install/mission_fsm/lib/python3.10/site-packages/mission_fsm
[3.309s] creating /home/heroes/Workspace/fsm_r2/install/mission_fsm/lib/python3.10/site-packages/mission_fsm/config
[3.309s] copying /home/heroes/Workspace/fsm_r2/build/mission_fsm/build/lib/mission_fsm/config/__init__.py -> /home/heroes/Workspace/fsm_r2/install/mission_fsm/lib/python3.10/site-packages/mission_fsm/config
[3.309s] copying /home/heroes/Workspace/fsm_r2/build/mission_fsm/build/lib/mission_fsm/config/loader.py -> /home/heroes/Workspace/fsm_r2/install/mission_fsm/lib/python3.10/site-packages/mission_fsm/config
[3.309s] copying /home/heroes/Workspace/fsm_r2/build/mission_fsm/build/lib/mission_fsm/config/areas.yaml -> /home/heroes/Workspace/fsm_r2/install/mission_fsm/lib/python3.10/site-packages/mission_fsm/config
[3.309s] copying /home/heroes/Workspace/fsm_r2/build/mission_fsm/build/lib/mission_fsm/fsm_node.py -> /home/heroes/Workspace/fsm_r2/install/mission_fsm/lib/python3.10/site-packages/mission_fsm
[3.310s] creating /home/heroes/Workspace/fsm_r2/install/mission_fsm/lib/python3.10/site-packages/mission_fsm/mission
[3.310s] copying /home/heroes/Workspace/fsm_r2/build/mission_fsm/build/lib/mission_fsm/mission/__init__.py -> /home/heroes/Workspace/fsm_r2/install/mission_fsm/lib/python3.10/site-packages/mission_fsm/mission
[3.310s] copying /home/heroes/Workspace/fsm_r2/build/mission_fsm/build/lib/mission_fsm/mission/mission_manager.py -> /home/heroes/Workspace/fsm_r2/install/mission_fsm/lib/python3.10/site-packages/mission_fsm/mission
[3.311s] copying /home/heroes/Workspace/fsm_r2/build/mission_fsm/build/lib/mission_fsm/mission/mission_state.py -> /home/heroes/Workspace/fsm_r2/install/mission_fsm/lib/python3.10/site-packages/mission_fsm/mission
[3.312s] byte-compiling /home/heroes/Workspace/fsm_r2/install/mission_fsm/lib/python3.10/site-packages/mission_fsm/test_signal_pub.py to test_signal_pub.cpython-310.pyc
[3.314s] byte-compiling /home/heroes/Workspace/fsm_r2/install/mission_fsm/lib/python3.10/site-packages/mission_fsm/__init__.py to __init__.cpython-310.pyc
[3.314s] byte-compiling /home/heroes/Workspace/fsm_r2/install/mission_fsm/lib/python3.10/site-packages/mission_fsm/task/__init__.py to __init__.cpython-310.pyc
[3.315s] byte-compiling /home/heroes/Workspace/fsm_r2/install/mission_fsm/lib/python3.10/site-packages/mission_fsm/task/states/area_1.py to area_1.cpython-310.pyc
[3.315s] byte-compiling /home/heroes/Workspace/fsm_r2/install/mission_fsm/lib/python3.10/site-packages/mission_fsm/task/states/__init__.py to __init__.cpython-310.pyc
[3.316s] byte-compiling /home/heroes/Workspace/fsm_r2/install/mission_fsm/lib/python3.10/site-packages/mission_fsm/task/states/area_2.py to area_2.cpython-310.pyc
[3.317s] byte-compiling /home/heroes/Workspace/fsm_r2/install/mission_fsm/lib/python3.10/site-packages/mission_fsm/task/states/area_3.py to area_3.cpython-310.pyc
[3.318s] byte-compiling /home/heroes/Workspace/fsm_r2/install/mission_fsm/lib/python3.10/site-packages/mission_fsm/task/task_manager.py to task_manager.cpython-310.pyc
[3.318s] byte-compiling /home/heroes/Workspace/fsm_r2/install/mission_fsm/lib/python3.10/site-packages/mission_fsm/ui/__init__.py to __init__.cpython-310.pyc
[3.319s] byte-compiling /home/heroes/Workspace/fsm_r2/install/mission_fsm/lib/python3.10/site-packages/mission_fsm/ui/dashboard.py to dashboard.cpython-310.pyc
[3.323s] byte-compiling /home/heroes/Workspace/fsm_r2/install/mission_fsm/lib/python3.10/site-packages/mission_fsm/interfaces/gripper_interface.py to gripper_interface.cpython-310.pyc
[3.324s] byte-compiling /home/heroes/Workspace/fsm_r2/install/mission_fsm/lib/python3.10/site-packages/mission_fsm/interfaces/__init__.py to __init__.cpython-310.pyc
[3.324s] byte-compiling /home/heroes/Workspace/fsm_r2/install/mission_fsm/lib/python3.10/site-packages/mission_fsm/interfaces/vision_interface.py to vision_interface.cpython-310.pyc
[3.326s] byte-compiling /home/heroes/Workspace/fsm_r2/install/mission_fsm/lib/python3.10/site-packages/mission_fsm/interfaces/apriltag_interface.py to apriltag_interface.cpython-310.pyc
[3.326s] byte-compiling /home/heroes/Workspace/fsm_r2/install/mission_fsm/lib/python3.10/site-packages/mission_fsm/interfaces/nav_interface.py to nav_interface.cpython-310.pyc
[3.328s] byte-compiling /home/heroes/Workspace/fsm_r2/install/mission_fsm/lib/python3.10/site-packages/mission_fsm/interfaces/comms_interface.py to comms_interface.cpython-310.pyc
[3.328s] byte-compiling /home/heroes/Workspace/fsm_r2/install/mission_fsm/lib/python3.10/site-packages/mission_fsm/state_machine.py to state_machine.cpython-310.pyc
[3.329s] byte-compiling /home/heroes/Workspace/fsm_r2/install/mission_fsm/lib/python3.10/site-packages/mission_fsm/config/__init__.py to __init__.cpython-310.pyc
[3.329s] byte-compiling /home/heroes/Workspace/fsm_r2/install/mission_fsm/lib/python3.10/site-packages/mission_fsm/config/loader.py to loader.cpython-310.pyc
[3.330s] byte-compiling /home/heroes/Workspace/fsm_r2/install/mission_fsm/lib/python3.10/site-packages/mission_fsm/fsm_node.py to fsm_node.cpython-310.pyc
[3.331s] byte-compiling /home/heroes/Workspace/fsm_r2/install/mission_fsm/lib/python3.10/site-packages/mission_fsm/mission/__init__.py to __init__.cpython-310.pyc
[3.331s] byte-compiling /home/heroes/Workspace/fsm_r2/install/mission_fsm/lib/python3.10/site-packages/mission_fsm/mission/mission_manager.py to mission_manager.cpython-310.pyc
[3.332s] byte-compiling /home/heroes/Workspace/fsm_r2/install/mission_fsm/lib/python3.10/site-packages/mission_fsm/mission/mission_state.py to mission_state.cpython-310.pyc
[3.332s] running install_data
[3.333s] copying resource/mission_fsm -> /home/heroes/Workspace/fsm_r2/install/mission_fsm/share/ament_index/resource_index/packages
[3.333s] copying package.xml -> /home/heroes/Workspace/fsm_r2/install/mission_fsm/share/mission_fsm
[3.333s] copying mission_fsm/config/areas.yaml -> /home/heroes/Workspace/fsm_r2/install/mission_fsm/share/mission_fsm/config
[3.333s] running install_egg_info
[3.338s] Copying ../build/mission_fsm/mission_fsm.egg-info to /home/heroes/Workspace/fsm_r2/install/mission_fsm/lib/python3.10/site-packages/mission_fsm-0.0.0-py3.10.egg-info
[3.340s] running install_scripts
[3.389s] Installing fsm_node script to /home/heroes/Workspace/fsm_r2/install/mission_fsm/lib/mission_fsm
[3.390s] Installing test_signal_pub script to /home/heroes/Workspace/fsm_r2/install/mission_fsm/lib/mission_fsm
[3.392s] writing list of installed files to '/home/heroes/Workspace/fsm_r2/build/mission_fsm/install.log'
[3.466s] Invoked command in '/home/heroes/Workspace/fsm_r2/mission_fsm' returned '0': PYTHONPATH=/home/heroes/Workspace/fsm_r2/build/mission_fsm/prefix_override:/usr/lib/python3/dist-packages/colcon_core/task/python/colcon_distutils_commands:/home/heroes/Workspace/fsm_r2/install/mission_fsm/lib/python3.10/site-packages:${PYTHONPATH} /usr/bin/python3 -W ignore:setup.py install is deprecated -W ignore:easy_install command is deprecated setup.py egg_info --egg-base ../build/mission_fsm build --build-base /home/heroes/Workspace/fsm_r2/build/mission_fsm/build install --record /home/heroes/Workspace/fsm_r2/build/mission_fsm/install.log --single-version-externally-managed install_data --force
