running egg_info
writing ../build/mission_fsm/mission_fsm.egg-info/PKG-INFO
writing dependency_links to ../build/mission_fsm/mission_fsm.egg-info/dependency_links.txt
writing entry points to ../build/mission_fsm/mission_fsm.egg-info/entry_points.txt
writing requirements to ../build/mission_fsm/mission_fsm.egg-info/requires.txt
writing top-level names to ../build/mission_fsm/mission_fsm.egg-info/top_level.txt
reading manifest file '../build/mission_fsm/mission_fsm.egg-info/SOURCES.txt'
writing manifest file '../build/mission_fsm/mission_fsm.egg-info/SOURCES.txt'
running build
running build_py
copying mission_fsm/state_machine.py -> /home/heroes/Workspace/fsm_r2/build/mission_fsm/build/lib/mission_fsm
copying mission_fsm/fsm_node.py -> /home/heroes/Workspace/fsm_r2/build/mission_fsm/build/lib/mission_fsm
copying mission_fsm/task/task_manager.py -> /home/heroes/Workspace/fsm_r2/build/mission_fsm/build/lib/mission_fsm/task
creating /home/heroes/Workspace/fsm_r2/build/mission_fsm/build/lib/mission_fsm/ui
copying mission_fsm/ui/__init__.py -> /home/heroes/Workspace/fsm_r2/build/mission_fsm/build/lib/mission_fsm/ui
copying mission_fsm/ui/dashboard.py -> /home/heroes/Workspace/fsm_r2/build/mission_fsm/build/lib/mission_fsm/ui
copying mission_fsm/interfaces/nav_interface.py -> /home/heroes/Workspace/fsm_r2/build/mission_fsm/build/lib/mission_fsm/interfaces
copying mission_fsm/task/states/area_1.py -> /home/heroes/Workspace/fsm_r2/build/mission_fsm/build/lib/mission_fsm/task/states
copying mission_fsm/task/states/__init__.py -> /home/heroes/Workspace/fsm_r2/build/mission_fsm/build/lib/mission_fsm/task/states
copying mission_fsm/task/states/area_2.py -> /home/heroes/Workspace/fsm_r2/build/mission_fsm/build/lib/mission_fsm/task/states
copying mission_fsm/task/states/area_3.py -> /home/heroes/Workspace/fsm_r2/build/mission_fsm/build/lib/mission_fsm/task/states
running install
running install_lib
copying /home/heroes/Workspace/fsm_r2/build/mission_fsm/build/lib/mission_fsm/task/states/area_1.py -> /home/heroes/Workspace/fsm_r2/install/mission_fsm/lib/python3.10/site-packages/mission_fsm/task/states
copying /home/heroes/Workspace/fsm_r2/build/mission_fsm/build/lib/mission_fsm/task/states/__init__.py -> /home/heroes/Workspace/fsm_r2/install/mission_fsm/lib/python3.10/site-packages/mission_fsm/task/states
copying /home/heroes/Workspace/fsm_r2/build/mission_fsm/build/lib/mission_fsm/task/states/area_2.py -> /home/heroes/Workspace/fsm_r2/install/mission_fsm/lib/python3.10/site-packages/mission_fsm/task/states
copying /home/heroes/Workspace/fsm_r2/build/mission_fsm/build/lib/mission_fsm/task/states/area_3.py -> /home/heroes/Workspace/fsm_r2/install/mission_fsm/lib/python3.10/site-packages/mission_fsm/task/states
copying /home/heroes/Workspace/fsm_r2/build/mission_fsm/build/lib/mission_fsm/task/task_manager.py -> /home/heroes/Workspace/fsm_r2/install/mission_fsm/lib/python3.10/site-packages/mission_fsm/task
creating /home/heroes/Workspace/fsm_r2/install/mission_fsm/lib/python3.10/site-packages/mission_fsm/ui
copying /home/heroes/Workspace/fsm_r2/build/mission_fsm/build/lib/mission_fsm/ui/__init__.py -> /home/heroes/Workspace/fsm_r2/install/mission_fsm/lib/python3.10/site-packages/mission_fsm/ui
copying /home/heroes/Workspace/fsm_r2/build/mission_fsm/build/lib/mission_fsm/ui/dashboard.py -> /home/heroes/Workspace/fsm_r2/install/mission_fsm/lib/python3.10/site-packages/mission_fsm/ui
copying /home/heroes/Workspace/fsm_r2/build/mission_fsm/build/lib/mission_fsm/interfaces/nav_interface.py -> /home/heroes/Workspace/fsm_r2/install/mission_fsm/lib/python3.10/site-packages/mission_fsm/interfaces
copying /home/heroes/Workspace/fsm_r2/build/mission_fsm/build/lib/mission_fsm/state_machine.py -> /home/heroes/Workspace/fsm_r2/install/mission_fsm/lib/python3.10/site-packages/mission_fsm
copying /home/heroes/Workspace/fsm_r2/build/mission_fsm/build/lib/mission_fsm/fsm_node.py -> /home/heroes/Workspace/fsm_r2/install/mission_fsm/lib/python3.10/site-packages/mission_fsm
byte-compiling /home/heroes/Workspace/fsm_r2/install/mission_fsm/lib/python3.10/site-packages/mission_fsm/task/states/area_1.py to area_1.cpython-310.pyc
byte-compiling /home/heroes/Workspace/fsm_r2/install/mission_fsm/lib/python3.10/site-packages/mission_fsm/task/states/__init__.py to __init__.cpython-310.pyc
byte-compiling /home/heroes/Workspace/fsm_r2/install/mission_fsm/lib/python3.10/site-packages/mission_fsm/task/states/area_2.py to area_2.cpython-310.pyc
byte-compiling /home/heroes/Workspace/fsm_r2/install/mission_fsm/lib/python3.10/site-packages/mission_fsm/task/states/area_3.py to area_3.cpython-310.pyc
byte-compiling /home/heroes/Workspace/fsm_r2/install/mission_fsm/lib/python3.10/site-packages/mission_fsm/task/task_manager.py to task_manager.cpython-310.pyc
byte-compiling /home/heroes/Workspace/fsm_r2/install/mission_fsm/lib/python3.10/site-packages/mission_fsm/ui/__init__.py to __init__.cpython-310.pyc
byte-compiling /home/heroes/Workspace/fsm_r2/install/mission_fsm/lib/python3.10/site-packages/mission_fsm/ui/dashboard.py to dashboard.cpython-310.pyc
byte-compiling /home/heroes/Workspace/fsm_r2/install/mission_fsm/lib/python3.10/site-packages/mission_fsm/interfaces/nav_interface.py to nav_interface.cpython-310.pyc
byte-compiling /home/heroes/Workspace/fsm_r2/install/mission_fsm/lib/python3.10/site-packages/mission_fsm/state_machine.py to state_machine.cpython-310.pyc
byte-compiling /home/heroes/Workspace/fsm_r2/install/mission_fsm/lib/python3.10/site-packages/mission_fsm/fsm_node.py to fsm_node.cpython-310.pyc
running install_data
creating /home/heroes/Workspace/fsm_r2/install/mission_fsm/share/mission_fsm/config
copying mission_fsm/config/areas.yaml -> /home/heroes/Workspace/fsm_r2/install/mission_fsm/share/mission_fsm/config
running install_egg_info
removing '/home/heroes/Workspace/fsm_r2/install/mission_fsm/lib/python3.10/site-packages/mission_fsm-0.0.0-py3.10.egg-info' (and everything under it)
Copying ../build/mission_fsm/mission_fsm.egg-info to /home/heroes/Workspace/fsm_r2/install/mission_fsm/lib/python3.10/site-packages/mission_fsm-0.0.0-py3.10.egg-info
running install_scripts
Installing fsm_node script to /home/heroes/Workspace/fsm_r2/install/mission_fsm/lib/mission_fsm
Installing test_signal_pub script to /home/heroes/Workspace/fsm_r2/install/mission_fsm/lib/mission_fsm
writing list of installed files to '/home/heroes/Workspace/fsm_r2/build/mission_fsm/install.log'
