[1.719s] Invoking command in '/home/heroes/Workspace/fsm_r2/mission_fsm': PYTHONPATH=/home/heroes/Workspace/fsm_r2/build/mission_fsm/prefix_override:/usr/lib/python3/dist-packages/colcon_core/task/python/colcon_distutils_commands:/home/heroes/Workspace/fsm_r2/install/mission_fsm/lib/python3.10/site-packages:${PYTHONPATH} /usr/bin/python3 -W ignore:setup.py install is deprecated -W ignore:easy_install command is deprecated setup.py egg_info --egg-base ../build/mission_fsm build --build-base /home/heroes/Workspace/fsm_r2/build/mission_fsm/build install --record /home/heroes/Workspace/fsm_r2/build/mission_fsm/install.log --single-version-externally-managed install_data
[2.391s] running egg_info
[2.392s] creating ../build/mission_fsm/mission_fsm.egg-info
[2.393s] writing ../build/mission_fsm/mission_fsm.egg-info/PKG-INFO
[2.394s] writing dependency_links to ../build/mission_fsm/mission_fsm.egg-info/dependency_links.txt
[2.394s] writing entry points to ../build/mission_fsm/mission_fsm.egg-info/entry_points.txt
[2.394s] writing requirements to ../build/mission_fsm/mission_fsm.egg-info/requires.txt
[2.394s] writing top-level names to ../build/mission_fsm/mission_fsm.egg-info/top_level.txt
[2.395s] writing manifest file '../build/mission_fsm/mission_fsm.egg-info/SOURCES.txt'
[2.400s] reading manifest file '../build/mission_fsm/mission_fsm.egg-info/SOURCES.txt'
[2.402s] writing manifest file '../build/mission_fsm/mission_fsm.egg-info/SOURCES.txt'
[2.402s] running build
[2.403s] running build_py
[2.403s] creating /home/heroes/Workspace/fsm_r2/build/mission_fsm/build
[2.403s] creating /home/heroes/Workspace/fsm_r2/build/mission_fsm/build/lib
[2.403s] creating /home/heroes/Workspace/fsm_r2/build/mission_fsm/build/lib/mission_fsm
[2.403s] copying mission_fsm/__init__.py -> /home/heroes/Workspace/fsm_r2/build/mission_fsm/build/lib/mission_fsm
[2.404s] copying mission_fsm/state_machine.py -> /home/heroes/Workspace/fsm_r2/build/mission_fsm/build/lib/mission_fsm
[2.404s] copying mission_fsm/fsm_node.py -> /home/heroes/Workspace/fsm_r2/build/mission_fsm/build/lib/mission_fsm
[2.405s] creating /home/heroes/Workspace/fsm_r2/build/mission_fsm/build/lib/mission_fsm/task
[2.405s] copying mission_fsm/task/__init__.py -> /home/heroes/Workspace/fsm_r2/build/mission_fsm/build/lib/mission_fsm/task
[2.406s] copying mission_fsm/task/task_manager.py -> /home/heroes/Workspace/fsm_r2/build/mission_fsm/build/lib/mission_fsm/task
[2.406s] copying mission_fsm/task/base_state.py -> /home/heroes/Workspace/fsm_r2/build/mission_fsm/build/lib/mission_fsm/task
[2.407s] creating /home/heroes/Workspace/fsm_r2/build/mission_fsm/build/lib/mission_fsm/interfaces
[2.407s] copying mission_fsm/interfaces/gripper_interface.py -> /home/heroes/Workspace/fsm_r2/build/mission_fsm/build/lib/mission_fsm/interfaces
[2.407s] copying mission_fsm/interfaces/__init__.py -> /home/heroes/Workspace/fsm_r2/build/mission_fsm/build/lib/mission_fsm/interfaces
[2.408s] copying mission_fsm/interfaces/vision_interface.py -> /home/heroes/Workspace/fsm_r2/build/mission_fsm/build/lib/mission_fsm/interfaces
[2.408s] copying mission_fsm/interfaces/apriltag_interface.py -> /home/heroes/Workspace/fsm_r2/build/mission_fsm/build/lib/mission_fsm/interfaces
[2.408s] copying mission_fsm/interfaces/nav_interface.py -> /home/heroes/Workspace/fsm_r2/build/mission_fsm/build/lib/mission_fsm/interfaces
[2.408s] copying mission_fsm/interfaces/comms_interface.py -> /home/heroes/Workspace/fsm_r2/build/mission_fsm/build/lib/mission_fsm/interfaces
[2.408s] creating /home/heroes/Workspace/fsm_r2/build/mission_fsm/build/lib/mission_fsm/mission
[2.408s] copying mission_fsm/mission/__init__.py -> /home/heroes/Workspace/fsm_r2/build/mission_fsm/build/lib/mission_fsm/mission
[2.409s] copying mission_fsm/mission/mission_manager.py -> /home/heroes/Workspace/fsm_r2/build/mission_fsm/build/lib/mission_fsm/mission
[2.409s] copying mission_fsm/mission/mission_state.py -> /home/heroes/Workspace/fsm_r2/build/mission_fsm/build/lib/mission_fsm/mission
[2.409s] creating /home/heroes/Workspace/fsm_r2/build/mission_fsm/build/lib/mission_fsm/task/states
[2.410s] copying mission_fsm/task/states/__init__.py -> /home/heroes/Workspace/fsm_r2/build/mission_fsm/build/lib/mission_fsm/task/states
[2.410s] copying mission_fsm/task/states/search.py -> /home/heroes/Workspace/fsm_r2/build/mission_fsm/build/lib/mission_fsm/task/states
[2.410s] copying mission_fsm/task/states/navigate.py -> /home/heroes/Workspace/fsm_r2/build/mission_fsm/build/lib/mission_fsm/task/states
[2.410s] copying mission_fsm/task/states/recovery.py -> /home/heroes/Workspace/fsm_r2/build/mission_fsm/build/lib/mission_fsm/task/states
[2.411s] copying mission_fsm/task/states/pickup.py -> /home/heroes/Workspace/fsm_r2/build/mission_fsm/build/lib/mission_fsm/task/states
[2.412s] running install
[2.412s] running install_lib
[2.414s] creating /home/heroes/Workspace/fsm_r2/install/mission_fsm/lib/python3.10/site-packages/mission_fsm
[2.415s] copying /home/heroes/Workspace/fsm_r2/build/mission_fsm/build/lib/mission_fsm/__init__.py -> /home/heroes/Workspace/fsm_r2/install/mission_fsm/lib/python3.10/site-packages/mission_fsm
[2.415s] creating /home/heroes/Workspace/fsm_r2/install/mission_fsm/lib/python3.10/site-packages/mission_fsm/task
[2.415s] copying /home/heroes/Workspace/fsm_r2/build/mission_fsm/build/lib/mission_fsm/task/__init__.py -> /home/heroes/Workspace/fsm_r2/install/mission_fsm/lib/python3.10/site-packages/mission_fsm/task
[2.416s] creating /home/heroes/Workspace/fsm_r2/install/mission_fsm/lib/python3.10/site-packages/mission_fsm/task/states
[2.416s] copying /home/heroes/Workspace/fsm_r2/build/mission_fsm/build/lib/mission_fsm/task/states/__init__.py -> /home/heroes/Workspace/fsm_r2/install/mission_fsm/lib/python3.10/site-packages/mission_fsm/task/states
[2.416s] copying /home/heroes/Workspace/fsm_r2/build/mission_fsm/build/lib/mission_fsm/task/states/search.py -> /home/heroes/Workspace/fsm_r2/install/mission_fsm/lib/python3.10/site-packages/mission_fsm/task/states
[2.417s] copying /home/heroes/Workspace/fsm_r2/build/mission_fsm/build/lib/mission_fsm/task/states/navigate.py -> /home/heroes/Workspace/fsm_r2/install/mission_fsm/lib/python3.10/site-packages/mission_fsm/task/states
[2.417s] copying /home/heroes/Workspace/fsm_r2/build/mission_fsm/build/lib/mission_fsm/task/states/recovery.py -> /home/heroes/Workspace/fsm_r2/install/mission_fsm/lib/python3.10/site-packages/mission_fsm/task/states
[2.417s] copying /home/heroes/Workspace/fsm_r2/build/mission_fsm/build/lib/mission_fsm/task/states/pickup.py -> /home/heroes/Workspace/fsm_r2/install/mission_fsm/lib/python3.10/site-packages/mission_fsm/task/states
[2.418s] copying /home/heroes/Workspace/fsm_r2/build/mission_fsm/build/lib/mission_fsm/task/task_manager.py -> /home/heroes/Workspace/fsm_r2/install/mission_fsm/lib/python3.10/site-packages/mission_fsm/task
[2.418s] copying /home/heroes/Workspace/fsm_r2/build/mission_fsm/build/lib/mission_fsm/task/base_state.py -> /home/heroes/Workspace/fsm_r2/install/mission_fsm/lib/python3.10/site-packages/mission_fsm/task
[2.418s] creating /home/heroes/Workspace/fsm_r2/install/mission_fsm/lib/python3.10/site-packages/mission_fsm/interfaces
[2.419s] copying /home/heroes/Workspace/fsm_r2/build/mission_fsm/build/lib/mission_fsm/interfaces/gripper_interface.py -> /home/heroes/Workspace/fsm_r2/install/mission_fsm/lib/python3.10/site-packages/mission_fsm/interfaces
[2.419s] copying /home/heroes/Workspace/fsm_r2/build/mission_fsm/build/lib/mission_fsm/interfaces/__init__.py -> /home/heroes/Workspace/fsm_r2/install/mission_fsm/lib/python3.10/site-packages/mission_fsm/interfaces
[2.419s] copying /home/heroes/Workspace/fsm_r2/build/mission_fsm/build/lib/mission_fsm/interfaces/vision_interface.py -> /home/heroes/Workspace/fsm_r2/install/mission_fsm/lib/python3.10/site-packages/mission_fsm/interfaces
[2.419s] copying /home/heroes/Workspace/fsm_r2/build/mission_fsm/build/lib/mission_fsm/interfaces/apriltag_interface.py -> /home/heroes/Workspace/fsm_r2/install/mission_fsm/lib/python3.10/site-packages/mission_fsm/interfaces
[2.420s] copying /home/heroes/Workspace/fsm_r2/build/mission_fsm/build/lib/mission_fsm/interfaces/nav_interface.py -> /home/heroes/Workspace/fsm_r2/install/mission_fsm/lib/python3.10/site-packages/mission_fsm/interfaces
[2.420s] copying /home/heroes/Workspace/fsm_r2/build/mission_fsm/build/lib/mission_fsm/interfaces/comms_interface.py -> /home/heroes/Workspace/fsm_r2/install/mission_fsm/lib/python3.10/site-packages/mission_fsm/interfaces
[2.420s] copying /home/heroes/Workspace/fsm_r2/build/mission_fsm/build/lib/mission_fsm/state_machine.py -> /home/heroes/Workspace/fsm_r2/install/mission_fsm/lib/python3.10/site-packages/mission_fsm
[2.421s] copying /home/heroes/Workspace/fsm_r2/build/mission_fsm/build/lib/mission_fsm/fsm_node.py -> /home/heroes/Workspace/fsm_r2/install/mission_fsm/lib/python3.10/site-packages/mission_fsm
[2.421s] creating /home/heroes/Workspace/fsm_r2/install/mission_fsm/lib/python3.10/site-packages/mission_fsm/mission
[2.421s] copying /home/heroes/Workspace/fsm_r2/build/mission_fsm/build/lib/mission_fsm/mission/__init__.py -> /home/heroes/Workspace/fsm_r2/install/mission_fsm/lib/python3.10/site-packages/mission_fsm/mission
[2.421s] copying /home/heroes/Workspace/fsm_r2/build/mission_fsm/build/lib/mission_fsm/mission/mission_manager.py -> /home/heroes/Workspace/fsm_r2/install/mission_fsm/lib/python3.10/site-packages/mission_fsm/mission
[2.422s] copying /home/heroes/Workspace/fsm_r2/build/mission_fsm/build/lib/mission_fsm/mission/mission_state.py -> /home/heroes/Workspace/fsm_r2/install/mission_fsm/lib/python3.10/site-packages/mission_fsm/mission
[2.422s] byte-compiling /home/heroes/Workspace/fsm_r2/install/mission_fsm/lib/python3.10/site-packages/mission_fsm/__init__.py to __init__.cpython-310.pyc
[2.423s] byte-compiling /home/heroes/Workspace/fsm_r2/install/mission_fsm/lib/python3.10/site-packages/mission_fsm/task/__init__.py to __init__.cpython-310.pyc
[2.424s] byte-compiling /home/heroes/Workspace/fsm_r2/install/mission_fsm/lib/python3.10/site-packages/mission_fsm/task/states/__init__.py to __init__.cpython-310.pyc
[2.424s] byte-compiling /home/heroes/Workspace/fsm_r2/install/mission_fsm/lib/python3.10/site-packages/mission_fsm/task/states/search.py to search.cpython-310.pyc
[2.425s] byte-compiling /home/heroes/Workspace/fsm_r2/install/mission_fsm/lib/python3.10/site-packages/mission_fsm/task/states/navigate.py to navigate.cpython-310.pyc
[2.425s] byte-compiling /home/heroes/Workspace/fsm_r2/install/mission_fsm/lib/python3.10/site-packages/mission_fsm/task/states/recovery.py to recovery.cpython-310.pyc
[2.426s] byte-compiling /home/heroes/Workspace/fsm_r2/install/mission_fsm/lib/python3.10/site-packages/mission_fsm/task/states/pickup.py to pickup.cpython-310.pyc
[2.426s] byte-compiling /home/heroes/Workspace/fsm_r2/install/mission_fsm/lib/python3.10/site-packages/mission_fsm/task/task_manager.py to task_manager.cpython-310.pyc
[2.427s] byte-compiling /home/heroes/Workspace/fsm_r2/install/mission_fsm/lib/python3.10/site-packages/mission_fsm/task/base_state.py to base_state.cpython-310.pyc
[2.428s] byte-compiling /home/heroes/Workspace/fsm_r2/install/mission_fsm/lib/python3.10/site-packages/mission_fsm/interfaces/gripper_interface.py to gripper_interface.cpython-310.pyc
[2.428s] byte-compiling /home/heroes/Workspace/fsm_r2/install/mission_fsm/lib/python3.10/site-packages/mission_fsm/interfaces/__init__.py to __init__.cpython-310.pyc
[2.429s] byte-compiling /home/heroes/Workspace/fsm_r2/install/mission_fsm/lib/python3.10/site-packages/mission_fsm/interfaces/vision_interface.py to vision_interface.cpython-310.pyc
[2.429s] byte-compiling /home/heroes/Workspace/fsm_r2/install/mission_fsm/lib/python3.10/site-packages/mission_fsm/interfaces/apriltag_interface.py to apriltag_interface.cpython-310.pyc
[2.430s] byte-compiling /home/heroes/Workspace/fsm_r2/install/mission_fsm/lib/python3.10/site-packages/mission_fsm/interfaces/nav_interface.py to nav_interface.cpython-310.pyc
[2.432s] byte-compiling /home/heroes/Workspace/fsm_r2/install/mission_fsm/lib/python3.10/site-packages/mission_fsm/interfaces/comms_interface.py to comms_interface.cpython-310.pyc
[2.433s] byte-compiling /home/heroes/Workspace/fsm_r2/install/mission_fsm/lib/python3.10/site-packages/mission_fsm/state_machine.py to state_machine.cpython-310.pyc
[2.434s] byte-compiling /home/heroes/Workspace/fsm_r2/install/mission_fsm/lib/python3.10/site-packages/mission_fsm/fsm_node.py to fsm_node.cpython-310.pyc
[2.435s] byte-compiling /home/heroes/Workspace/fsm_r2/install/mission_fsm/lib/python3.10/site-packages/mission_fsm/mission/__init__.py to __init__.cpython-310.pyc
[2.435s] byte-compiling /home/heroes/Workspace/fsm_r2/install/mission_fsm/lib/python3.10/site-packages/mission_fsm/mission/mission_manager.py to mission_manager.cpython-310.pyc
[2.435s] byte-compiling /home/heroes/Workspace/fsm_r2/install/mission_fsm/lib/python3.10/site-packages/mission_fsm/mission/mission_state.py to mission_state.cpython-310.pyc
[2.436s] running install_data
[2.436s] creating /home/heroes/Workspace/fsm_r2/install/mission_fsm/share/ament_index
[2.437s] creating /home/heroes/Workspace/fsm_r2/install/mission_fsm/share/ament_index/resource_index
[2.437s] creating /home/heroes/Workspace/fsm_r2/install/mission_fsm/share/ament_index/resource_index/packages
[2.437s] copying resource/mission_fsm -> /home/heroes/Workspace/fsm_r2/install/mission_fsm/share/ament_index/resource_index/packages
[2.437s] copying package.xml -> /home/heroes/Workspace/fsm_r2/install/mission_fsm/share/mission_fsm
[2.437s] running install_egg_info
[2.443s] Copying ../build/mission_fsm/mission_fsm.egg-info to /home/heroes/Workspace/fsm_r2/install/mission_fsm/lib/python3.10/site-packages/mission_fsm-0.0.0-py3.10.egg-info
[2.445s] running install_scripts
[2.498s] Installing fsm_node script to /home/heroes/Workspace/fsm_r2/install/mission_fsm/lib/mission_fsm
[2.500s] writing list of installed files to '/home/heroes/Workspace/fsm_r2/build/mission_fsm/install.log'
[2.571s] Invoked command in '/home/heroes/Workspace/fsm_r2/mission_fsm' returned '0': PYTHONPATH=/home/heroes/Workspace/fsm_r2/build/mission_fsm/prefix_override:/usr/lib/python3/dist-packages/colcon_core/task/python/colcon_distutils_commands:/home/heroes/Workspace/fsm_r2/install/mission_fsm/lib/python3.10/site-packages:${PYTHONPATH} /usr/bin/python3 -W ignore:setup.py install is deprecated -W ignore:easy_install command is deprecated setup.py egg_info --egg-base ../build/mission_fsm build --build-base /home/heroes/Workspace/fsm_r2/build/mission_fsm/build install --record /home/heroes/Workspace/fsm_r2/build/mission_fsm/install.log --single-version-externally-managed install_data
