[0.319s] DEBUG:colcon:Command line arguments: ['/usr/bin/colcon', 'build', '--packages-select', 'mission_fsm', '--symlink-install']
[0.320s] DEBUG:colcon:Parsed command line arguments: Namespace(log_base=None, log_level=None, verb_name='build', build_base='build', install_base='install', merge_install=False, symlink_install=True, test_result_base=None, continue_on_error=False, executor='parallel', parallel_workers=6, event_handlers=None, ignore_user_meta=False, metas=['./colcon.meta'], base_paths=['.'], packages_ignore=None, packages_ignore_regex=None, paths=None, packages_up_to=None, packages_up_to_regex=None, packages_above=None, packages_above_and_dependencies=None, packages_above_depth=None, packages_select_by_dep=None, packages_skip_by_dep=None, packages_skip_up_to=None, packages_select_build_failed=False, packages_skip_build_finished=False, packages_select_test_failures=False, packages_skip_test_passed=False, packages_select=['mission_fsm'], packages_skip=None, packages_select_regex=None, packages_skip_regex=None, packages_start=None, packages_end=None, allow_overriding=[], cmake_args=None, cmake_target=None, cmake_target_skip_unavailable=False, cmake_clean_cache=False, cmake_clean_first=False, cmake_force_configure=False, ament_cmake_args=None, catkin_cmake_args=None, catkin_skip_building_tests=False, mixin_files=None, mixin=None, verb_parser=<colcon_mixin.mixin.mixin_argument.MixinArgumentDecorator object at 0xffff96c6df60>, verb_extension=<colcon_core.verb.build.BuildVerb object at 0xffff96e4ae90>, main=<bound method BuildVerb.main of <colcon_core.verb.build.BuildVerb object at 0xffff96e4ae90>>, mixin_verb=('build',))
[0.824s] Level 1:colcon.colcon_core.package_discovery:discover_packages(colcon_meta) check parameters
[0.825s] Level 1:colcon.colcon_core.package_discovery:discover_packages(recursive) check parameters
[0.825s] Level 1:colcon.colcon_core.package_discovery:discover_packages(ignore) check parameters
[0.825s] Level 1:colcon.colcon_core.package_discovery:discover_packages(path) check parameters
[0.825s] Level 1:colcon.colcon_core.package_discovery:discover_packages(colcon_meta) discover
[0.825s] Level 1:colcon.colcon_core.package_discovery:discover_packages(recursive) discover
[0.825s] INFO:colcon.colcon_core.package_discovery:Crawling recursively for packages in '/home/heroes/Workspace/fsm_r2'
[0.825s] Level 1:colcon.colcon_core.package_identification:_identify(.) by extensions ['ignore', 'ignore_ament_install']
[0.826s] Level 1:colcon.colcon_core.package_identification:_identify(.) by extension 'ignore'
[0.826s] Level 1:colcon.colcon_core.package_identification:_identify(.) by extension 'ignore_ament_install'
[0.826s] Level 1:colcon.colcon_core.package_identification:_identify(.) by extensions ['colcon_pkg']
[0.826s] Level 1:colcon.colcon_core.package_identification:_identify(.) by extension 'colcon_pkg'
[0.826s] Level 1:colcon.colcon_core.package_identification:_identify(.) by extensions ['colcon_meta']
[0.826s] Level 1:colcon.colcon_core.package_identification:_identify(.) by extension 'colcon_meta'
[0.826s] Level 1:colcon.colcon_core.package_identification:_identify(.) by extensions ['ros']
[0.826s] Level 1:colcon.colcon_core.package_identification:_identify(.) by extension 'ros'
[0.851s] Level 1:colcon.colcon_core.package_identification:_identify(.) by extensions ['cmake', 'python']
[0.852s] Level 1:colcon.colcon_core.package_identification:_identify(.) by extension 'cmake'
[0.852s] Level 1:colcon.colcon_core.package_identification:_identify(.) by extension 'python'
[0.852s] Level 1:colcon.colcon_core.package_identification:_identify(.) by extensions ['python_setup_py']
[0.852s] Level 1:colcon.colcon_core.package_identification:_identify(.) by extension 'python_setup_py'
[0.852s] Level 1:colcon.colcon_core.package_identification:_identify(build) by extensions ['ignore', 'ignore_ament_install']
[0.853s] Level 1:colcon.colcon_core.package_identification:_identify(build) by extension 'ignore'
[0.853s] Level 1:colcon.colcon_core.package_identification:_identify(build) ignored
[0.853s] Level 1:colcon.colcon_core.package_identification:_identify(install) by extensions ['ignore', 'ignore_ament_install']
[0.853s] Level 1:colcon.colcon_core.package_identification:_identify(install) by extension 'ignore'
[0.853s] Level 1:colcon.colcon_core.package_identification:_identify(install) ignored
[0.854s] Level 1:colcon.colcon_core.package_identification:_identify(log) by extensions ['ignore', 'ignore_ament_install']
[0.854s] Level 1:colcon.colcon_core.package_identification:_identify(log) by extension 'ignore'
[0.854s] Level 1:colcon.colcon_core.package_identification:_identify(log) ignored
[0.854s] Level 1:colcon.colcon_core.package_identification:_identify(mission_fsm) by extensions ['ignore', 'ignore_ament_install']
[0.854s] Level 1:colcon.colcon_core.package_identification:_identify(mission_fsm) by extension 'ignore'
[0.854s] Level 1:colcon.colcon_core.package_identification:_identify(mission_fsm) by extension 'ignore_ament_install'
[0.854s] Level 1:colcon.colcon_core.package_identification:_identify(mission_fsm) by extensions ['colcon_pkg']
[0.855s] Level 1:colcon.colcon_core.package_identification:_identify(mission_fsm) by extension 'colcon_pkg'
[0.855s] Level 1:colcon.colcon_core.package_identification:_identify(mission_fsm) by extensions ['colcon_meta']
[0.855s] Level 1:colcon.colcon_core.package_identification:_identify(mission_fsm) by extension 'colcon_meta'
[0.855s] Level 1:colcon.colcon_core.package_identification:_identify(mission_fsm) by extensions ['ros']
[0.855s] Level 1:colcon.colcon_core.package_identification:_identify(mission_fsm) by extension 'ros'
[0.861s] DEBUG:colcon.colcon_core.package_identification:Package 'mission_fsm' with type 'ros.ament_python' and name 'mission_fsm'
[0.861s] Level 1:colcon.colcon_core.package_discovery:discover_packages(recursive) using defaults
[0.861s] Level 1:colcon.colcon_core.package_discovery:discover_packages(ignore) discover
[0.862s] Level 1:colcon.colcon_core.package_discovery:discover_packages(ignore) using defaults
[0.862s] Level 1:colcon.colcon_core.package_discovery:discover_packages(path) discover
[0.862s] Level 1:colcon.colcon_core.package_discovery:discover_packages(path) using defaults
[0.957s] Level 1:colcon.colcon_core.package_discovery:discover_packages(prefix_path) check parameters
[0.957s] Level 1:colcon.colcon_core.package_discovery:discover_packages(prefix_path) discover
[0.968s] DEBUG:colcon.colcon_installed_package_information.package_discovery:Found 39 installed packages in /home/heroes/microros_ws/install
[0.972s] DEBUG:colcon.colcon_installed_package_information.package_discovery:Found 338 installed packages in /opt/ros/humble
[0.977s] Level 1:colcon.colcon_core.package_discovery:discover_packages(prefix_path) using defaults
[1.089s] Level 5:colcon.colcon_core.verb:set package 'mission_fsm' build argument 'cmake_args' from command line to 'None'
[1.089s] Level 5:colcon.colcon_core.verb:set package 'mission_fsm' build argument 'cmake_target' from command line to 'None'
[1.089s] Level 5:colcon.colcon_core.verb:set package 'mission_fsm' build argument 'cmake_target_skip_unavailable' from command line to 'False'
[1.089s] Level 5:colcon.colcon_core.verb:set package 'mission_fsm' build argument 'cmake_clean_cache' from command line to 'False'
[1.089s] Level 5:colcon.colcon_core.verb:set package 'mission_fsm' build argument 'cmake_clean_first' from command line to 'False'
[1.090s] Level 5:colcon.colcon_core.verb:set package 'mission_fsm' build argument 'cmake_force_configure' from command line to 'False'
[1.090s] Level 5:colcon.colcon_core.verb:set package 'mission_fsm' build argument 'ament_cmake_args' from command line to 'None'
[1.090s] Level 5:colcon.colcon_core.verb:set package 'mission_fsm' build argument 'catkin_cmake_args' from command line to 'None'
[1.090s] Level 5:colcon.colcon_core.verb:set package 'mission_fsm' build argument 'catkin_skip_building_tests' from command line to 'False'
[1.090s] DEBUG:colcon.colcon_core.verb:Building package 'mission_fsm' with the following arguments: {'ament_cmake_args': None, 'build_base': '/home/heroes/Workspace/fsm_r2/build/mission_fsm', 'catkin_cmake_args': None, 'catkin_skip_building_tests': False, 'cmake_args': None, 'cmake_clean_cache': False, 'cmake_clean_first': False, 'cmake_force_configure': False, 'cmake_target': None, 'cmake_target_skip_unavailable': False, 'install_base': '/home/heroes/Workspace/fsm_r2/install/mission_fsm', 'merge_install': False, 'path': '/home/heroes/Workspace/fsm_r2/mission_fsm', 'symlink_install': True, 'test_result_base': None}
[1.090s] INFO:colcon.colcon_core.executor:Executing jobs using 'parallel' executor
[1.092s] DEBUG:colcon.colcon_parallel_executor.executor.parallel:run_until_complete
[1.093s] INFO:colcon.colcon_ros.task.ament_python.build:Building ROS package in '/home/heroes/Workspace/fsm_r2/mission_fsm' with build type 'ament_python'
[1.094s] Level 1:colcon.colcon_core.shell:create_environment_hook('mission_fsm', 'ament_prefix_path')
[1.102s] INFO:colcon.colcon_core.plugin_system:Skipping extension 'colcon_core.shell.bat': Not used on non-Windows systems
[1.103s] INFO:colcon.colcon_core.shell:Creating environment hook '/home/heroes/Workspace/fsm_r2/install/mission_fsm/share/mission_fsm/hook/ament_prefix_path.ps1'
[1.104s] INFO:colcon.colcon_core.shell:Creating environment descriptor '/home/heroes/Workspace/fsm_r2/install/mission_fsm/share/mission_fsm/hook/ament_prefix_path.dsv'
[1.106s] INFO:colcon.colcon_core.shell:Creating environment hook '/home/heroes/Workspace/fsm_r2/install/mission_fsm/share/mission_fsm/hook/ament_prefix_path.sh'
[1.108s] INFO:colcon.colcon_core.shell:Skip shell extension 'powershell' for command environment: Not usable outside of PowerShell
[1.108s] DEBUG:colcon.colcon_core.shell:Skip shell extension 'dsv' for command environment
[1.796s] INFO:colcon.colcon_core.task.python.build:Building Python package in '/home/heroes/Workspace/fsm_r2/mission_fsm'
[1.797s] INFO:colcon.colcon_core.shell:Skip shell extension 'powershell' for command environment: Not usable outside of PowerShell
[1.798s] DEBUG:colcon.colcon_core.shell:Skip shell extension 'dsv' for command environment
[2.789s] DEBUG:colcon.colcon_core.task.python.build:While undoing a previous installation files outside the Python library path are being ignored: /home/heroes/Workspace/fsm_r2/install/mission_fsm/share/ament_index/resource_index/packages/mission_fsm
[2.789s] DEBUG:colcon.colcon_core.task.python.build:While undoing a previous installation files outside the Python library path are being ignored: /home/heroes/Workspace/fsm_r2/install/mission_fsm/share/mission_fsm/package.xml
[2.789s] DEBUG:colcon.colcon_core.task.python.build:While undoing a previous installation files outside the Python library path are being ignored: /home/heroes/Workspace/fsm_r2/install/mission_fsm/share/mission_fsm/config/areas.yaml
[2.790s] DEBUG:colcon.colcon_core.task.python.build:While undoing a previous installation files outside the Python library path are being ignored: /home/heroes/Workspace/fsm_r2/install/mission_fsm/lib/mission_fsm/fsm_node
[2.790s] DEBUG:colcon.colcon_core.task.python.build:While undoing a previous installation files outside the Python library path are being ignored: /home/heroes/Workspace/fsm_r2/install/mission_fsm/lib/mission_fsm/test_signal_pub
[2.793s] DEBUG:colcon.colcon_core.event_handler.log_command:Invoking command in '/home/heroes/Workspace/fsm_r2/build/mission_fsm': PYTHONPATH=/home/heroes/Workspace/fsm_r2/build/mission_fsm/prefix_override:/usr/lib/python3/dist-packages/colcon_core/task/python/colcon_distutils_commands:/home/heroes/Workspace/fsm_r2/install/mission_fsm/lib/python3.10/site-packages:${PYTHONPATH} /usr/bin/python3 -W ignore:setup.py install is deprecated -W ignore:easy_install command is deprecated setup.py develop --editable --build-directory /home/heroes/Workspace/fsm_r2/build/mission_fsm/build --no-deps symlink_data --force
[3.973s] Level 1:colcon.colcon_core.shell:create_environment_hook('mission_fsm', 'pythonpath_develop')
[3.974s] INFO:colcon.colcon_core.shell:Creating environment hook '/home/heroes/Workspace/fsm_r2/build/mission_fsm/share/mission_fsm/hook/pythonpath_develop.ps1'
[3.975s] DEBUG:colcon.colcon_core.event_handler.log_command:Invoked command in '/home/heroes/Workspace/fsm_r2/build/mission_fsm' returned '0': PYTHONPATH=/home/heroes/Workspace/fsm_r2/build/mission_fsm/prefix_override:/usr/lib/python3/dist-packages/colcon_core/task/python/colcon_distutils_commands:/home/heroes/Workspace/fsm_r2/install/mission_fsm/lib/python3.10/site-packages:${PYTHONPATH} /usr/bin/python3 -W ignore:setup.py install is deprecated -W ignore:easy_install command is deprecated setup.py develop --editable --build-directory /home/heroes/Workspace/fsm_r2/build/mission_fsm/build --no-deps symlink_data --force
[3.976s] INFO:colcon.colcon_core.shell:Creating environment descriptor '/home/heroes/Workspace/fsm_r2/build/mission_fsm/share/mission_fsm/hook/pythonpath_develop.dsv'
[3.977s] INFO:colcon.colcon_core.shell:Creating environment hook '/home/heroes/Workspace/fsm_r2/build/mission_fsm/share/mission_fsm/hook/pythonpath_develop.sh'
[3.988s] Level 1:colcon.colcon_core.environment:checking '/home/heroes/Workspace/fsm_r2/install/mission_fsm' for CMake module files
[3.989s] Level 1:colcon.colcon_core.environment:checking '/home/heroes/Workspace/fsm_r2/install/mission_fsm' for CMake config files
[3.991s] Level 1:colcon.colcon_core.environment:checking '/home/heroes/Workspace/fsm_r2/install/mission_fsm/lib'
[3.992s] Level 1:colcon.colcon_core.environment:checking '/home/heroes/Workspace/fsm_r2/install/mission_fsm/bin'
[3.992s] Level 1:colcon.colcon_core.environment:checking '/home/heroes/Workspace/fsm_r2/install/mission_fsm/lib/pkgconfig/mission_fsm.pc'
[3.992s] Level 1:colcon.colcon_core.environment:checking '/home/heroes/Workspace/fsm_r2/install/mission_fsm/lib/python3.10/site-packages'
[3.993s] Level 1:colcon.colcon_core.shell:create_environment_hook('mission_fsm', 'pythonpath')
[3.993s] INFO:colcon.colcon_core.shell:Creating environment hook '/home/heroes/Workspace/fsm_r2/install/mission_fsm/share/mission_fsm/hook/pythonpath.ps1'
[3.994s] INFO:colcon.colcon_core.shell:Creating environment descriptor '/home/heroes/Workspace/fsm_r2/install/mission_fsm/share/mission_fsm/hook/pythonpath.dsv'
[3.995s] INFO:colcon.colcon_core.shell:Creating environment hook '/home/heroes/Workspace/fsm_r2/install/mission_fsm/share/mission_fsm/hook/pythonpath.sh'
[3.997s] Level 1:colcon.colcon_core.environment:checking '/home/heroes/Workspace/fsm_r2/install/mission_fsm/bin'
[3.997s] Level 1:colcon.colcon_core.environment:create_environment_scripts_only(mission_fsm)
[3.998s] INFO:colcon.colcon_core.shell:Creating package script '/home/heroes/Workspace/fsm_r2/install/mission_fsm/share/mission_fsm/package.ps1'
[4.001s] INFO:colcon.colcon_core.shell:Creating package descriptor '/home/heroes/Workspace/fsm_r2/install/mission_fsm/share/mission_fsm/package.dsv'
[4.004s] INFO:colcon.colcon_core.shell:Creating package script '/home/heroes/Workspace/fsm_r2/install/mission_fsm/share/mission_fsm/package.sh'
[4.006s] INFO:colcon.colcon_core.shell:Creating package script '/home/heroes/Workspace/fsm_r2/install/mission_fsm/share/mission_fsm/package.bash'
[4.008s] INFO:colcon.colcon_core.shell:Creating package script '/home/heroes/Workspace/fsm_r2/install/mission_fsm/share/mission_fsm/package.zsh'
[4.011s] Level 1:colcon.colcon_core.environment:create_file_with_runtime_dependencies(/home/heroes/Workspace/fsm_r2/install/mission_fsm/share/colcon-core/packages/mission_fsm)
[4.012s] DEBUG:colcon.colcon_parallel_executor.executor.parallel:closing loop
[4.012s] DEBUG:colcon.colcon_parallel_executor.executor.parallel:loop closed
[4.012s] DEBUG:colcon.colcon_parallel_executor.executor.parallel:run_until_complete finished with '0'
[4.012s] DEBUG:colcon.colcon_core.event_reactor:joining thread
[4.030s] INFO:colcon.colcon_core.plugin_system:Skipping extension 'colcon_notification.desktop_notification.terminal_notifier': Not used on non-Darwin systems
[4.030s] INFO:colcon.colcon_core.plugin_system:Skipping extension 'colcon_notification.desktop_notification.win32': Not used on non-Windows systems
[4.031s] INFO:colcon.colcon_notification.desktop_notification:Sending desktop notification using 'notify2'
[4.091s] DEBUG:colcon.colcon_core.event_reactor:joined thread
[4.092s] INFO:colcon.colcon_core.shell:Creating prefix script '/home/heroes/Workspace/fsm_r2/install/local_setup.ps1'
[4.095s] INFO:colcon.colcon_core.shell:Creating prefix util module '/home/heroes/Workspace/fsm_r2/install/_local_setup_util_ps1.py'
[4.098s] INFO:colcon.colcon_core.shell:Creating prefix chain script '/home/heroes/Workspace/fsm_r2/install/setup.ps1'
[4.105s] INFO:colcon.colcon_core.shell:Creating prefix script '/home/heroes/Workspace/fsm_r2/install/local_setup.sh'
[4.107s] INFO:colcon.colcon_core.shell:Creating prefix util module '/home/heroes/Workspace/fsm_r2/install/_local_setup_util_sh.py'
[4.109s] INFO:colcon.colcon_core.shell:Creating prefix chain script '/home/heroes/Workspace/fsm_r2/install/setup.sh'
[4.116s] INFO:colcon.colcon_core.shell:Creating prefix script '/home/heroes/Workspace/fsm_r2/install/local_setup.bash'
[4.117s] INFO:colcon.colcon_core.shell:Creating prefix chain script '/home/heroes/Workspace/fsm_r2/install/setup.bash'
[4.123s] INFO:colcon.colcon_core.shell:Creating prefix script '/home/heroes/Workspace/fsm_r2/install/local_setup.zsh'
[4.125s] INFO:colcon.colcon_core.shell:Creating prefix chain script '/home/heroes/Workspace/fsm_r2/install/setup.zsh'
